success method:wall.get 18.12.2018 20:37:25 -|- id_group=97180786 id_post=184845
==============================================================
INSERT INTO vk_posts(id_group_post, id_post, id_group, link_post, is_pinned, count, date_unix, date_post, time_post, text_post, comments, likes, reposts, views) VALUES (
                            '97180786_184845',
                            184845,
                            97180786,
                            'https://vk.com/public97180786?w=wall-97180786_184845',
                            1,
                            26307,
                            1545147001,
                            '18.12.2018',
                            '18:30',
                            'Ловите лайфхак, тунеяды! 😄',
                            0,
                            10,
                            5,
                            511
                            )
^^^^^^^^^^^^^^^^^^^^^^^^^^^^^^^^^^^^^^^^^^^^^^^^^^^^
success method:wall.get 18.12.2018 20:37:26 -|- id_group=97180786 id_post=184866
==============================================================
INSERT INTO vk_posts(id_group_post, id_post, id_group, link_post, is_pinned, count, date_unix, date_post, time_post, text_post, comments, likes, reposts, views) VALUES (
                            '97180786_184866',
                            184866,
                            97180786,
                            'https://vk.com/public97180786?w=wall-97180786_184866',
                            0,
                            26307,
                            1545153600,
                            '18.12.2018',
                            '20:20',
                            '',
                            1,
                            3,
                            0,
                            149
                            )
^^^^^^^^^^^^^^^^^^^^^^^^^^^^^^^^^^^^^^^^^^^^^^^^^^^^
success method:wall.get 18.12.2018 20:37:26 -|- id_group=97180786 id_post=184864
==============================================================
INSERT INTO vk_posts(id_group_post, id_post, id_group, link_post, is_pinned, count, date_unix, date_post, time_post, text_post, comments, likes, reposts, views) VALUES (
                            '97180786_184864',
                            184864,
                            97180786,
                            'https://vk.com/public97180786?w=wall-97180786_184864',
                            0,
                            26307,
                            1545152414,
                            '18.12.2018',
                            '20:00',
                            '',
                            0,
                            0,
                            0,
                            138
                            )
^^^^^^^^^^^^^^^^^^^^^^^^^^^^^^^^^^^^^^^^^^^^^^^^^^^^
success method:wall.get 18.12.2018 20:37:26 -|- id_group=97180786 id_post=184860
==============================================================
INSERT INTO vk_posts(id_group_post, id_post, id_group, link_post, is_pinned, count, date_unix, date_post, time_post, text_post, comments, likes, reposts, views) VALUES (
                            '97180786_184860',
                            184860,
                            97180786,
                            'https://vk.com/public97180786?w=wall-97180786_184860',
                            0,
                            26307,
                            1545150603,
                            '18.12.2018',
                            '19:30',
                            'Прызнаўся ў 87 згвалтаваннях жанчын… А пачынаў з хатняга гвалту / Кожны з нас

Як вядома, беларуская міліцыя спыніла працу над праектам Закону «Аб супрацьдзеянні хатняму гвалту». Хоць аналагічныя заканадаўчыя акты прынятыя ў больш чым ста краін свету. 
 
Маньяк Алег Беднякоў, які прызнаўся ў 87 згвалтаваннях і атрымаў 18 год пазбаўлення волі, пачынаў менавіта з хатняга гвалту. 
 
«Мне вядома пра тое, што ён гвалціў жанчын… Гэта была я. Мне было гадоў 8-9. Я так разумею, ён не любіў, калі яму адмаўляюць», – прызнаецца блізкая свачка асуджанага. 
 
Жанчыны цягам перадачы расказвалі пра свае раны, звязаныя з хатнім гвалтам. Цягам праграмы ў тым жа прызнаецца і экспертка Лілія Ахрэмчык: 
 
«Мама біла мяне, зневажала. Адбывалася тое ж, пра што іншыя расказваюць у студыі». 
 
Сярод ахвяр хатняга гвалту ў перадачы выступіў жыхар Менскага раёну Дзмітрый Шымановіч. Ён кажа, што разам з дзецьмі цярпіць псіхалагічны і фізічны гвалт з боку былой жонкі. Дарэчы, амаль паўнагадовая дачка і сын жывуць разам з ім. Але суд у чарговы раз пастанавіў перадаць 10-гадовага Ігната маме. Дзіця, паводле словаў бацькі, супраць. Праз гэта Ігнат не можа вучыцца ў школе. Яго і бацьку проста не пускаюць у памяшканне школы. Хлопчык раней ужо прапусціў цэлы навучальны год. 
 
«Калі ён ішоў у першы клас, яго мама напісала заяву, каб яго не бралі. Таму замест 4 класаў Ігнат скончыў толькі тры. І сёлета ён прапусціў ужо цэлую чвэрць!» – абураецца Дзмітрый Шымановіч. 
 
Гутарка пра школу №142, якая знаходзіцца ў сталічным мікрараёне Шабаны. 
 
Што цікава, яшчэ адна экспертка, Ілона Навіцкая, прызнаецца, што трапіла ў аналагічную сітуацыю. Яе былы муж, бізнэсовец з добрымі сувязямі ва ўладзе, папросту забраў у яе сумесную дачку. А пасля суд стаў на бок таты. Сама спадарыня Ілона ўжо некалькі год практычна не можа бачыцца з дачкой. 
 
У новым выпуску ток-шоу «Кожны з нас» сваймі гісторыямі адкрыта дзеляцца беларусы, якія перажылі хатні гвалт.',
                            1,
                            0,
                            0,
                            247
                            )
^^^^^^^^^^^^^^^^^^^^^^^^^^^^^^^^^^^^^^^^^^^^^^^^^^^^
success method:wall.get 18.12.2018 20:37:27 -|- id_group=97180786 id_post=184850
==============================================================
INSERT INTO vk_posts(id_group_post, id_post, id_group, link_post, is_pinned, count, date_unix, date_post, time_post, text_post, comments, likes, reposts, views) VALUES (
                            '97180786_184850',
                            184850,
                            97180786,
                            'https://vk.com/public97180786?w=wall-97180786_184850',
                            0,
                            26307,
                            1545148812,
                            '18.12.2018',
                            '19:00',
                            '«Помогали всем миром». У многодетной мамы детей забрали в приют — и местные за 10 дней спасли семью 
 
Ольга Бойцова из деревни Большое Кошо Городокского района одна растит четверых детей. Пятого ребенка, полуторагодовалого сына, женщина весной похоронила. Сейчас женщина на восьмом месяце беременности, и в конце января в семье должен появиться еще один малыш. А недавно семья пережила потрясение: всех детей изъяли и поместили в приют. Чиновники решили, что Аня, Коля, Миша и Проша живут в плохих условиях. Вернуть ребят из соцучреждения помогли неравнодушные люди — сельчане, работники профсоюза, священник. Кто-то привез дров, кто-то дал денег на ремонт дома, кто-то поделился продуктами. «В одиночку было бы невозможно справиться с этой бедой», — говорит Ольга. Женщина рассказала TUT.BY, как пытается доказать работникам опеки, что она — не плохая мать.',
                            1,
                            6,
                            0,
                            275
                            )
^^^^^^^^^^^^^^^^^^^^^^^^^^^^^^^^^^^^^^^^^^^^^^^^^^^^
success method:wall.get 18.12.2018 20:37:27 -|- id_group=97180786 id_post=184842
==============================================================
INSERT INTO vk_posts(id_group_post, id_post, id_group, link_post, is_pinned, count, date_unix, date_post, time_post, text_post, comments, likes, reposts, views) VALUES (
                            '97180786_184842',
                            184842,
                            97180786,
                            'https://vk.com/public97180786?w=wall-97180786_184842',
                            0,
                            26307,
                            1545145214,
                            '18.12.2018',
                            '18:00',
                            '',
                            3,
                            2,
                            0,
                            408
                            )
^^^^^^^^^^^^^^^^^^^^^^^^^^^^^^^^^^^^^^^^^^^^^^^^^^^^
success method:wall.get 18.12.2018 20:37:28 -|- id_group=97180786 id_post=184840
==============================================================
INSERT INTO vk_posts(id_group_post, id_post, id_group, link_post, is_pinned, count, date_unix, date_post, time_post, text_post, comments, likes, reposts, views) VALUES (
                            '97180786_184840',
                            184840,
                            97180786,
                            'https://vk.com/public97180786?w=wall-97180786_184840',
                            0,
                            26307,
                            1545143403,
                            '18.12.2018',
                            '17:30',
                            'ФХБ недовольна лишь устными извинениями норвежцев за перепутанный гимн. Стала известна причина конфуза 
 
Федерацию хоккея Беларуси не устроили лишь устные извинения норвежцев, которые на недавнем турнире в Леренскуге вместо государственного гимна включили хит группы «Песняры» «Касіў Ясь канюшыну». Кроме того, в комментарии для «Спорт-Экспресса» представитель пресс-службы ФХБ пояснил природу курьезной ситуации, возникшей перед матчем со сборной Норвегии.',
                            6,
                            2,
                            0,
                            344
                            )
^^^^^^^^^^^^^^^^^^^^^^^^^^^^^^^^^^^^^^^^^^^^^^^^^^^^
success method:wall.get 18.12.2018 20:37:28 -|- id_group=97180786 id_post=184836
==============================================================
INSERT INTO vk_posts(id_group_post, id_post, id_group, link_post, is_pinned, count, date_unix, date_post, time_post, text_post, comments, likes, reposts, views) VALUES (
                            '97180786_184836',
                            184836,
                            97180786,
                            'https://vk.com/public97180786?w=wall-97180786_184836',
                            0,
                            26307,
                            1545141607,
                            '18.12.2018',
                            '17:00',
                            'Разам - да перамогі!',
                            0,
                            20,
                            2,
                            445
                            )
^^^^^^^^^^^^^^^^^^^^^^^^^^^^^^^^^^^^^^^^^^^^^^^^^^^^
success method:wall.get 18.12.2018 20:37:28 -|- id_group=97180786 id_post=184831
==============================================================
INSERT INTO vk_posts(id_group_post, id_post, id_group, link_post, is_pinned, count, date_unix, date_post, time_post, text_post, comments, likes, reposts, views) VALUES (
                            '97180786_184831',
                            184831,
                            97180786,
                            'https://vk.com/public97180786?w=wall-97180786_184831',
                            0,
                            26307,
                            1545139802,
                            '18.12.2018',
                            '16:30',
                            '«Если пахать, пахать и еще раз пахать, то 1000 рублей и у нас заработать можно». Репортаж из Ошмян 

Компактный белорусский городок в 50 километрах от Вильнюса многие запомнили по громкому коррупционному делу трехлетней давности. Десятки задержанных, огромные суммы взяток и $1,8 млн под ванной — тему коррупции в ошмянской таможне страна обсуждала не один месяц. Прошло время, жизнь закрутилась своим чередом, и сейчас даже сами горожане об этой истории практически не вспоминают: местную таможню закрыли, а у жителей появились совершенно другие проблемы и заботы.',
                            2,
                            2,
                            0,
                            357
                            )
^^^^^^^^^^^^^^^^^^^^^^^^^^^^^^^^^^^^^^^^^^^^^^^^^^^^
success method:wall.get 18.12.2018 20:37:29 -|- id_group=97180786 id_post=184826
==============================================================
INSERT INTO vk_posts(id_group_post, id_post, id_group, link_post, is_pinned, count, date_unix, date_post, time_post, text_post, comments, likes, reposts, views) VALUES (
                            '97180786_184826',
                            184826,
                            97180786,
                            'https://vk.com/public97180786?w=wall-97180786_184826',
                            0,
                            26307,
                            1545138012,
                            '18.12.2018',
                            '16:00',
                            '',
                            0,
                            3,
                            0,
                            455
                            )
^^^^^^^^^^^^^^^^^^^^^^^^^^^^^^^^^^^^^^^^^^^^^^^^^^^^
success method:wall.get 18.12.2018 20:37:29 -|- id_group=97180786 id_post=184818
==============================================================
INSERT INTO vk_posts(id_group_post, id_post, id_group, link_post, is_pinned, count, date_unix, date_post, time_post, text_post, comments, likes, reposts, views) VALUES (
                            '97180786_184818',
                            184818,
                            97180786,
                            'https://vk.com/public97180786?w=wall-97180786_184818',
                            0,
                            26307,
                            1545136202,
                            '18.12.2018',
                            '15:30',
                            '',
                            0,
                            3,
                            0,
                            491
                            )
^^^^^^^^^^^^^^^^^^^^^^^^^^^^^^^^^^^^^^^^^^^^^^^^^^^^
success method:wall.get 18.12.2018 20:37:29 -|- id_group=97180786 id_post=184814
==============================================================
INSERT INTO vk_posts(id_group_post, id_post, id_group, link_post, is_pinned, count, date_unix, date_post, time_post, text_post, comments, likes, reposts, views) VALUES (
                            '97180786_184814',
                            184814,
                            97180786,
                            'https://vk.com/public97180786?w=wall-97180786_184814',
                            0,
                            26307,
                            1545134412,
                            '18.12.2018',
                            '15:00',
                            'Итак, за предыдущие сутки мы увидели ряд заявлений. 
 
Редактор Эхо Москвы Алексей Венедиктов: 
"Я всегда говорил, я согласен с президентом Лукашенко, что одна из возможностей и видений нынешней кремлевской команды — это интеграция с Беларусью. Скорость и форма интеграции в Кремле и Беларуси разные. Да, Лукашенко хочет сохранить для Беларуси независимость и быть независимым президентом". 
 
И отвечая на вопрос о позиции российской власти к Беларуси:
"Она такая же была и на Крым раньше. Ну, пока нет — нет. А когда упало в руки — тогда и возьмем." 
 
Глава ЛДПР Жириновский:
"Мы никогда не предлагали насильно делить Белоруссию на области и «впихивать» в Россию. Всё только добровольно. Но нужно понять: или наши взаимоотношения рыночные или входите в состав России и получайте низкие цены... Я уверен, если сейчас провести в Белоруссии референдум о возвращении в состав России – абсолютное большинство поддержит это." 
 
Пресс-секретарь Лукашенко Наталья Эйсмонт:
"Вы знаете, с вопросом независимости в нашей стране определились давно, и он даже не обсуждается. Никаких совещаний на эту тему не было, это все плод чьей-то буйной фантазии". 
 
Пресс-секретарь Путина Песков:
"Тема возможного объединения России и Беларуси в единое государство не обсуждается..." 
 
То есть официальные лица говорят, что мол всё нормально и никаких конфликтов нету. Но при этом люди, связанные с АП Путина и вхожие во властные круги открыто задают новую медийную повестку насчёт отношений РФ и Беларуси. 
 
Также террорист Игорь Гиркин (воевавший на Донбассе) заявил, что знал о беларуско-российском кризисе ещё за месяц до его начала. Видимо 2019-2020 годы будут очень интересными.',
                            0,
                            1,
                            0,
                            337
                            )
^^^^^^^^^^^^^^^^^^^^^^^^^^^^^^^^^^^^^^^^^^^^^^^^^^^^
success method:wall.get 18.12.2018 20:37:30 -|- id_group=97180786 id_post=184809
==============================================================
INSERT INTO vk_posts(id_group_post, id_post, id_group, link_post, is_pinned, count, date_unix, date_post, time_post, text_post, comments, likes, reposts, views) VALUES (
                            '97180786_184809',
                            184809,
                            97180786,
                            'https://vk.com/public97180786?w=wall-97180786_184809',
                            0,
                            26307,
                            1545132602,
                            '18.12.2018',
                            '14:30',
                            'Инфекционное отделение Слонимской больницы уже третий год нуждается в срочном реанимировании за $4,5 млн. За это время на ремонт удалось найти лишь $ 13 тыс. 
 
Зато за это время: 
 
- В Ждановичах под Минском построилась элитная президентская клиника для чиновников и приближённых за €100 млн 
- В Мозыре торжественно открылось полностью обновленное здание суда за >$3 млн 
- Почти достроилось новое здание Верховного суда в Минске, где один только фонтан стоил около $300 тыс. 
- В Гомеле к приезду Лукашенко и Порошенко открылся, а потом сразу же закрылся туалет за $1 млн.',
                            3,
                            20,
                            2,
                            533
                            )
^^^^^^^^^^^^^^^^^^^^^^^^^^^^^^^^^^^^^^^^^^^^^^^^^^^^
success method:wall.get 18.12.2018 20:37:30 -|- id_group=97180786 id_post=184801
==============================================================
INSERT INTO vk_posts(id_group_post, id_post, id_group, link_post, is_pinned, count, date_unix, date_post, time_post, text_post, comments, likes, reposts, views) VALUES (
                            '97180786_184801',
                            184801,
                            97180786,
                            'https://vk.com/public97180786?w=wall-97180786_184801',
                            0,
                            26307,
                            1545130812,
                            '18.12.2018',
                            '14:00',
                            '',
                            4,
                            3,
                            0,
                            461
                            )
^^^^^^^^^^^^^^^^^^^^^^^^^^^^^^^^^^^^^^^^^^^^^^^^^^^^
success method:wall.get 18.12.2018 20:37:31 -|- id_group=97180786 id_post=184789
==============================================================
INSERT INTO vk_posts(id_group_post, id_post, id_group, link_post, is_pinned, count, date_unix, date_post, time_post, text_post, comments, likes, reposts, views) VALUES (
                            '97180786_184789',
                            184789,
                            97180786,
                            'https://vk.com/public97180786?w=wall-97180786_184789',
                            0,
                            26307,
                            1545129002,
                            '18.12.2018',
                            '13:30',
                            '',
                            4,
                            2,
                            0,
                            507
                            )
^^^^^^^^^^^^^^^^^^^^^^^^^^^^^^^^^^^^^^^^^^^^^^^^^^^^
success method:wall.get 18.12.2018 20:37:31 -|- id_group=97180786 id_post=184782
==============================================================
INSERT INTO vk_posts(id_group_post, id_post, id_group, link_post, is_pinned, count, date_unix, date_post, time_post, text_post, comments, likes, reposts, views) VALUES (
                            '97180786_184782',
                            184782,
                            97180786,
                            'https://vk.com/public97180786?w=wall-97180786_184782',
                            0,
                            26307,
                            1545127211,
                            '18.12.2018',
                            '13:00',
                            '',
                            10,
                            18,
                            0,
                            690
                            )
^^^^^^^^^^^^^^^^^^^^^^^^^^^^^^^^^^^^^^^^^^^^^^^^^^^^
success method:wall.get 18.12.2018 20:37:31 -|- id_group=97180786 id_post=184780
==============================================================
INSERT INTO vk_posts(id_group_post, id_post, id_group, link_post, is_pinned, count, date_unix, date_post, time_post, text_post, comments, likes, reposts, views) VALUES (
                            '97180786_184780',
                            184780,
                            97180786,
                            'https://vk.com/public97180786?w=wall-97180786_184780',
                            0,
                            26307,
                            1545125402,
                            '18.12.2018',
                            '12:30',
                            '',
                            0,
                            13,
                            0,
                            522
                            )
^^^^^^^^^^^^^^^^^^^^^^^^^^^^^^^^^^^^^^^^^^^^^^^^^^^^
success method:wall.get 18.12.2018 20:37:32 -|- id_group=97180786 id_post=184769
==============================================================
INSERT INTO vk_posts(id_group_post, id_post, id_group, link_post, is_pinned, count, date_unix, date_post, time_post, text_post, comments, likes, reposts, views) VALUES (
                            '97180786_184769',
                            184769,
                            97180786,
                            'https://vk.com/public97180786?w=wall-97180786_184769',
                            0,
                            26307,
                            1545123613,
                            '18.12.2018',
                            '12:00',
                            '',
                            0,
                            5,
                            0,
                            471
                            )
^^^^^^^^^^^^^^^^^^^^^^^^^^^^^^^^^^^^^^^^^^^^^^^^^^^^
success method:wall.get 18.12.2018 20:37:32 -|- id_group=97180786 id_post=184764
==============================================================
INSERT INTO vk_posts(id_group_post, id_post, id_group, link_post, is_pinned, count, date_unix, date_post, time_post, text_post, comments, likes, reposts, views) VALUES (
                            '97180786_184764',
                            184764,
                            97180786,
                            'https://vk.com/public97180786?w=wall-97180786_184764',
                            0,
                            26307,
                            1545121802,
                            '18.12.2018',
                            '11:30',
                            'А сколько по всей стране таких вот "работничков", которые даже пальцем о палец не ударяют на работе?',
                            10,
                            4,
                            0,
                            626
                            )
^^^^^^^^^^^^^^^^^^^^^^^^^^^^^^^^^^^^^^^^^^^^^^^^^^^^
success method:wall.get 18.12.2018 20:37:32 -|- id_group=97180786 id_post=184759
==============================================================
INSERT INTO vk_posts(id_group_post, id_post, id_group, link_post, is_pinned, count, date_unix, date_post, time_post, text_post, comments, likes, reposts, views) VALUES (
                            '97180786_184759',
                            184759,
                            97180786,
                            'https://vk.com/public97180786?w=wall-97180786_184759',
                            0,
                            26307,
                            1545120010,
                            '18.12.2018',
                            '11:00',
                            'Беларусы пра ўльтыматум Расіі: Незалежнасць не прадаецца за танную нафту

«Наша Ніва» запыталася ў мінакоў, як яны ставяцца да частковай страты беларускага суверэнітэту ў абмен на танную нафту. 
 
Між Беларуссю і Расіяй абвастрыліся адносіны праз цэны на энерганосьбіты: спачатку ў Санкт-Пецярбургу Аляксандр Лукашэнка схапіўся наўпрост з Уладзімірам Пуціным па газавым пытанні, потым віцэ-прэм\'ер Расіі Дзмітрый Козак адмовіўся нават абмяркоўваць кампенсацыю страт ад падатковага манеўру «без далейшай інтэграцыі». 
 
Падсумаваннем пазіцый Расіі стаў ультыматум Мядзведзева ў Брэсце, дзе той назваў «два магчымыя сцэнары для Беларусі», сярод якіх — «інтэграцыя» і адмова Беларусі ад уласнай валюты, судоў і іншых уласных дзяржаўных інстытутаў на карысць «супольных». 
 
Другі варыянт прадугледжвае «цяперашні стан інтэграцыі», што, можна меркаваць, ставіць кропку на жаданні Беларусі і надалей атрымліваць фінансавую падтрымку Расіі ў выглядзе танных энэрганосбітаў. 
 
Што пра гэта думаюць беларусы? Ці гатовыя яны плаціць больш за камунальныя паслугі, абы толькі не аддаваць суверэнітэт? 
 
Глядзіце ў апытанцы.',
                            0,
                            2,
                            0,
                            450
                            )
^^^^^^^^^^^^^^^^^^^^^^^^^^^^^^^^^^^^^^^^^^^^^^^^^^^^
success method:wall.get 18.12.2018 20:37:33 -|- id_group=97180786 id_post=184756
==============================================================
INSERT INTO vk_posts(id_group_post, id_post, id_group, link_post, is_pinned, count, date_unix, date_post, time_post, text_post, comments, likes, reposts, views) VALUES (
                            '97180786_184756',
                            184756,
                            97180786,
                            'https://vk.com/public97180786?w=wall-97180786_184756',
                            0,
                            26307,
                            1545118203,
                            '18.12.2018',
                            '10:30',
                            'Жительница белорусской деревни решила восстановить заброшенный пруд и получила на это грант Br 5,5 тыс. 

Вымирание, алкоголизм, отсутствие перспектив – это то, что мы чаще всего слышим о белорусских деревнях. При этом власти продолжают анонсировать новые амбициозные проекты под названием «Деревня будущего». Молодая жительница деревни Серафимово Алина Бардашун не собирается ждать чудес. Она разработала урбанистический проект для улучшения своей деревни.',
                            1,
                            6,
                            0,
                            504
                            )
^^^^^^^^^^^^^^^^^^^^^^^^^^^^^^^^^^^^^^^^^^^^^^^^^^^^
success method:wall.get 18.12.2018 20:37:33 -|- id_group=97180786 id_post=184748
==============================================================
INSERT INTO vk_posts(id_group_post, id_post, id_group, link_post, is_pinned, count, date_unix, date_post, time_post, text_post, comments, likes, reposts, views) VALUES (
                            '97180786_184748',
                            184748,
                            97180786,
                            'https://vk.com/public97180786?w=wall-97180786_184748',
                            0,
                            26307,
                            1545116414,
                            '18.12.2018',
                            '10:00',
                            '',
                            2,
                            0,
                            0,
                            522
                            )
^^^^^^^^^^^^^^^^^^^^^^^^^^^^^^^^^^^^^^^^^^^^^^^^^^^^
success method:wall.get 18.12.2018 20:37:33 -|- id_group=97180786 id_post=184734
==============================================================
INSERT INTO vk_posts(id_group_post, id_post, id_group, link_post, is_pinned, count, date_unix, date_post, time_post, text_post, comments, likes, reposts, views) VALUES (
                            '97180786_184734',
                            184734,
                            97180786,
                            'https://vk.com/public97180786?w=wall-97180786_184734',
                            0,
                            26307,
                            1545114602,
                            '18.12.2018',
                            '9:30',
                            'Лукашэнка — Пашыньяну: «Ты чаго язык... засунуў»

У інтэрнэце апублікаваны яшчэ адзін эпізод з сустрэчы Аляксандра Лукашэнкі з расейскімі журналістамі і блогерамі. У ім кіраўнік Беларусі распавёў аб сваім дыялёгу з прэм’ер-міністрам Армэніі Ніколам Пашыньянам. 
 
Армянскі прэм’ер выказаў Лукашэнку сваю незадаволенасьць з нагоды продажу ўзбраеньня Азэрбайджану. 

«Я сказаў яму пры Пуціне: Нікол, давай паставім кропкі над» i «. Хто займае першае месца па гандлі зброяй з Азэрбайджанам? Хто? Адказ, Расея. А чаго ты язык засунуў? Скажы яму, пакрытыкуй Уладзіміра Уладзіміравіча. А, баісься?», — сказаў Лукашэнка. 
 
Лукашэнка сказаў Пашыньяну, што другое месца па продажах Азэрбайджану ўзбраеньня займае Ізраіль, трэцяе — Турцыя. І толькі чацьвёртае або пятае месца, з улікам «Палянэзаў», займае Беларусь.',
                            6,
                            5,
                            0,
                            491
                            )
^^^^^^^^^^^^^^^^^^^^^^^^^^^^^^^^^^^^^^^^^^^^^^^^^^^^
success method:wall.get 18.12.2018 20:37:34 -|- id_group=97180786 id_post=184726
==============================================================
INSERT INTO vk_posts(id_group_post, id_post, id_group, link_post, is_pinned, count, date_unix, date_post, time_post, text_post, comments, likes, reposts, views) VALUES (
                            '97180786_184726',
                            184726,
                            97180786,
                            'https://vk.com/public97180786?w=wall-97180786_184726',
                            0,
                            26307,
                            1545112811,
                            '18.12.2018',
                            '9:00',
                            'У Лукашенко и Беларуси уже нет шансов...',
                            3,
                            5,
                            1,
                            463
                            )
^^^^^^^^^^^^^^^^^^^^^^^^^^^^^^^^^^^^^^^^^^^^^^^^^^^^
success method:wall.get 18.12.2018 20:37:34 -|- id_group=97180786 id_post=184721
==============================================================
INSERT INTO vk_posts(id_group_post, id_post, id_group, link_post, is_pinned, count, date_unix, date_post, time_post, text_post, comments, likes, reposts, views) VALUES (
                            '97180786_184721',
                            184721,
                            97180786,
                            'https://vk.com/public97180786?w=wall-97180786_184721',
                            0,
                            26307,
                            1545111002,
                            '18.12.2018',
                            '8:30',
                            '',
                            1,
                            8,
                            0,
                            656
                            )
^^^^^^^^^^^^^^^^^^^^^^^^^^^^^^^^^^^^^^^^^^^^^^^^^^^^
success method:wall.get 18.12.2018 20:37:35 -|- id_group=97180786 id_post=184712
==============================================================
INSERT INTO vk_posts(id_group_post, id_post, id_group, link_post, is_pinned, count, date_unix, date_post, time_post, text_post, comments, likes, reposts, views) VALUES (
                            '97180786_184712',
                            184712,
                            97180786,
                            'https://vk.com/public97180786?w=wall-97180786_184712',
                            0,
                            26307,
                            1545109209,
                            '18.12.2018',
                            '8:00',
                            'Сцильна, модна, маладзёжна!',
                            4,
                            7,
                            0,
                            538
                            )
^^^^^^^^^^^^^^^^^^^^^^^^^^^^^^^^^^^^^^^^^^^^^^^^^^^^
success method:wall.get 18.12.2018 20:37:35 -|- id_group=97180786 id_post=184667
==============================================================
INSERT INTO vk_posts(id_group_post, id_post, id_group, link_post, is_pinned, count, date_unix, date_post, time_post, text_post, comments, likes, reposts, views) VALUES (
                            '97180786_184667',
                            184667,
                            97180786,
                            'https://vk.com/public97180786?w=wall-97180786_184667',
                            0,
                            26307,
                            1545080406,
                            '18.12.2018',
                            '0:00',
                            'У боты пайдут все! И трэзвенники, и язвенники.',
                            41,
                            3,
                            0,
                            1189
                            )
^^^^^^^^^^^^^^^^^^^^^^^^^^^^^^^^^^^^^^^^^^^^^^^^^^^^
success method:wall.get 18.12.2018 20:37:36 -|- id_group=76296871 id_post=25455
==============================================================
INSERT INTO vk_posts(id_group_post, id_post, id_group, link_post, is_pinned, count, date_unix, date_post, time_post, text_post, comments, likes, reposts, views) VALUES (
                            '76296871_25455',
                            25455,
                            76296871,
                            'https://vk.com/club76296871?w=wall-76296871_25455',
                            1,
                            20220,
                            1545116216,
                            '18.12.2018',
                            '9:56',
                            'Итак, Совет министров после длительных размышлений постановил, что среда, 2 января 2019 года, должна остаться рабочим днём. При этом никто из правительства не потрудился объяснить это решение.',
                            0,
                            10,
                            3,
                            487
                            )
^^^^^^^^^^^^^^^^^^^^^^^^^^^^^^^^^^^^^^^^^^^^^^^^^^^^
success method:wall.get 18.12.2018 20:37:36 -|- id_group=76296871 id_post=25457
==============================================================
INSERT INTO vk_posts(id_group_post, id_post, id_group, link_post, is_pinned, count, date_unix, date_post, time_post, text_post, comments, likes, reposts, views) VALUES (
                            '76296871_25457',
                            25457,
                            76296871,
                            'https://vk.com/club76296871?w=wall-76296871_25457',
                            0,
                            20220,
                            1545141894,
                            '18.12.2018',
                            '17:04',
                            '«Салідарнасць» изучила предновогоднюю статистику цен на ингредиенты традиционного салата.',
                            0,
                            1,
                            0,
                            71
                            )
^^^^^^^^^^^^^^^^^^^^^^^^^^^^^^^^^^^^^^^^^^^^^^^^^^^^
success method:wall.get 18.12.2018 20:37:37 -|- id_group=76296871 id_post=25456
==============================================================
INSERT INTO vk_posts(id_group_post, id_post, id_group, link_post, is_pinned, count, date_unix, date_post, time_post, text_post, comments, likes, reposts, views) VALUES (
                            '76296871_25456',
                            25456,
                            76296871,
                            'https://vk.com/club76296871?w=wall-76296871_25456',
                            0,
                            20220,
                            1545128498,
                            '18.12.2018',
                            '13:21',
                            'Знаменитый диссидент побывал в Минске впервые за долгое время.',
                            0,
                            1,
                            0,
                            151
                            )
^^^^^^^^^^^^^^^^^^^^^^^^^^^^^^^^^^^^^^^^^^^^^^^^^^^^
success method:wall.get 18.12.2018 20:37:37 -|- id_group=165278869 id_post=2924
==============================================================
INSERT INTO vk_posts(id_group_post, id_post, id_group, link_post, is_pinned, count, date_unix, date_post, time_post, text_post, comments, likes, reposts, views) VALUES (
                            '165278869_2924',
                            2924,
                            165278869,
                            'https://vk.com/club165278869?w=wall-165278869_2924',
                            0,
                            1461,
                            1545151267,
                            '18.12.2018',
                            '19:41',
                            'Великая победа над уличными табло

Завершилась героическая борьба властей с табло уличных обменников, на которых вывешивались курсы валют. 

Путин подписал соответствующие   поправки в закон о валютном регулировании и валютном контроле. Теперь через пару недель опубликуют в «Российской газете» и, - «чистая работа, идиотская выдумка» - готово! - https://vk.com/wall-165278869_2389

Одним запретом в стране стало больше. 

ЦБ объясняет необходимость такого закона борьбой с нелегальными пунктами обмена валюты. 

Все у этих властей не по уму. Приезжаешь в Турцию – полно обменников, горят табло. Почему там можно, а в России это криминал? 

Вместо того, чтобы оставить в покое обменники – легализовать то, что нужно сделать законным, дать минимальное регулирование, власти устраивают запреты. 

Вместо того, чтобы усилить на рынке обмена валюты конкуренцию, сделать для граждан полезное дело, принято лоббистское решение в пользу банковских монополий.

Свобода экономической деятельности в нашей стране ликвидируется все больше и больше. Все, с чего когда-то начиналась в экономике новая Россия, загоняется в подполье или уничтожается.
________________ 
Подписывайтесь на телеграм-канал СерпомПо: t.me/SerpomPo - Никого не жалко, никого... 
При копировании материалов ссылка (гиперссылка на пост) обязательна.',
                            0,
                            25,
                            7,
                            289
                            )
^^^^^^^^^^^^^^^^^^^^^^^^^^^^^^^^^^^^^^^^^^^^^^^^^^^^
success method:wall.get 18.12.2018 20:37:38 -|- id_group=165278869 id_post=2913
==============================================================
INSERT INTO vk_posts(id_group_post, id_post, id_group, link_post, is_pinned, count, date_unix, date_post, time_post, text_post, comments, likes, reposts, views) VALUES (
                            '165278869_2913',
                            2913,
                            165278869,
                            'https://vk.com/club165278869?w=wall-165278869_2913',
                            0,
                            1461,
                            1545132744,
                            '18.12.2018',
                            '14:32',
                            '​«С добрым утром, тетя Хая!»

Здравствуй, плывущая по зиме страна. 

Зазвонил будильник, и наш главный по стране – Путин, снова открыл для себя неизвестный уголок державы, в которой он 20 лет капитанит. Приветствуем его словами эмигрантской песни в заголовке. 

Он выяснил, что, оказывается в России «Свидетели Иеговы» внесены (с 17 августа 2017 года) в список запрещенных организаций, выдав на собрании СПЧ всем вяленой словесной воблы:

«… это совсем не значит, что мы представителей религиозных сообществ должны зачислять в какие-то там деструктивные, даже не то, что в террористические организации. Конечно, это чушь полная, надо внимательно с этим разобраться…».

А что же раньше-то? О чем думал? Уже в Европейском суде по правам человека иск от «Свидетелей Иеговы» есть (принят 7 мая 2018 года). И масса информации в сети о преследованиях «свидетелей». Иеговисты – ребята навязчивые, но при этом четкие – список их преследований зафиксирован и открыт для обозрения всем желающим.

Чем Путин занят? Кто ему обзоры прессы составляет? Пресс-Песков? Почему он всегда «не в курсе» и предлагает (как правило, вяло) «бить по хвостам» событий, которые случились в его царстве-государстве годы назад?  И это вечное – «надо», «надо», «надо разобраться». Разбирайся заранее!

Что касается «Свидетелей Иеговы», то, скорее всего, «внимательно разбираться» будут вплоть до решения ЕСПЧ. А там, если оно будет отрицательным для властей России, глядишь, признают его «неконституционным». Опыт уже есть. И все будет по-прежнему. 

Пока же, сказал «надо разобраться» и снова в спячку – думаем, что до весны. До следующей неожиданной новости о том, что случилось у него в стране, пока он спал.
________________ 
Подписывайтесь на телеграм-канал СерпомПо: t.me/SerpomPo - Никого не жалко, никого... 
При копировании материалов ссылка (гиперссылка на пост) обязательна.',
                            1,
                            34,
                            7,
                            648
                            )
^^^^^^^^^^^^^^^^^^^^^^^^^^^^^^^^^^^^^^^^^^^^^^^^^^^^
success method:wall.get 18.12.2018 20:37:38 -|- id_group=165278869 id_post=2912
==============================================================
INSERT INTO vk_posts(id_group_post, id_post, id_group, link_post, is_pinned, count, date_unix, date_post, time_post, text_post, comments, likes, reposts, views) VALUES (
                            '165278869_2912',
                            2912,
                            165278869,
                            'https://vk.com/club165278869?w=wall-165278869_2912',
                            0,
                            1461,
                            1545124994,
                            '18.12.2018',
                            '12:23',
                            'СерпомПо кается. Слишком хорошо подумали об АПэшечке: предположили, что комсомолец-саейнтолог наш Кириенко придумал какие-то «высокотехнологичные» методы коррекции результатов выборов. А все просто, как и раньше: тупые приписки на стадии занесения протоколов УИКов в систему ГАС «Выборы». VL.ru проанализировал данные только с владивостокских участков. https://www.newsvl.ru/vlad/2018/12/17/176462/

Что происходило на морских судах в уссурийской тайге (во втором сентябрьском туре, позже отмененном, их экипажи 100% голосовали за предыдущего кремлевского кандидата Тарасенко) даже страшно представить. Уссурийск, кстати, не подкачал и в этот раз – вошел в группу самых активных сторонников Кожемяки, отдав за него 77,1% голосов. В то же время 6 территорий Приморья высказались за второй тур – кремлевскому самовыдвиженцу не удалось преодолеть 50% барьер. https://www.newsvl.ru/vlad/2018/12/18/176490/

А мы думаем, в отличие от других ТИКов, там просто не удалось организовать передачу «правильных» данных в ГАС «Выборы».

#украденныеВыборыВПриморье
________________ 
Подписывайтесь на телеграм-канал СерпомПо: t.me/SerpomPo - Никого не жалко, никого... 
При копировании материалов ссылка (гиперссылка на пост) обязательна.',
                            0,
                            36,
                            6,
                            705
                            )
^^^^^^^^^^^^^^^^^^^^^^^^^^^^^^^^^^^^^^^^^^^^^^^^^^^^
success method:wall.get 18.12.2018 20:37:38 -|- id_group=165278869 id_post=2910
==============================================================
INSERT INTO vk_posts(id_group_post, id_post, id_group, link_post, is_pinned, count, date_unix, date_post, time_post, text_post, comments, likes, reposts, views) VALUES (
                            '165278869_2910',
                            2910,
                            165278869,
                            'https://vk.com/club165278869?w=wall-165278869_2910',
                            0,
                            1461,
                            1545111674,
                            '18.12.2018',
                            '8:41',
                            '​Падение 

Министр Лавров дал интервью. 

«Комсомольской правде». 

Не в первый раз. 

Длинное. Нудное. Лживое. 

Когда министр иностранных дел дает интервью таблоиду, то это странно. Дипломатия из другой области. Это параллельные прямые линии, они не должны пересекаться. 

Но в российском искривленном мире, где все, в том числе и дипломатия, опростилось, упало в значении, смешалось, все возможно.

Это же относится и к словарю Лаврова.  

«Русофобия», «пресловутый», «украинский режим, который имеет все черты нацистского и неонацистского», «нацисты», «мало не покажется», «западные кураторы».

Все это приемлемо для пропагандистских программ Норкина, Скабеевой, Соловьева, но с дипломатией это не сочетается.

Только не у Лаврова. 

У него это отлично сочетается. 

Поэтому российская дипломатия, которую он, как бы возглавляет (ее настоящий глава – Путин),  и похожа на таблоид – на брифингах Захаровой или Рябкова, в официальных заявлениях, в выступлениях Небензи и Антонова. 

При этом Лавров проникнут уверенностью, что мнение России в Украине хоть что-то значит и Россия хоть что-то там решает, может хоть что-то «требовать» от Украины. 

Это все фантазии. 

Лавров уверяет журналистов «Комсомольской правды»: «Воевать с Украиной мы не будем, это я вам обещаю».

Давно воюет – с захвата Крыма. 

Когда же конец начатой Россией войны? Кто ее может закончить? 

Точно не такие, как Лавров.  

Тот, кто говорит об Украине как Лавров, не воевать не может. Он свою «дипломатию» приравнял к штыку. И не понимает разницы. 
________________ 
Подписывайтесь на телеграм-канал СерпомПо: t.me/SerpomPo - Никого не жалко, никого... 
При копировании материалов ссылка (гиперссылка на пост) обязательна.',
                            15,
                            58,
                            10,
                            843
                            )
^^^^^^^^^^^^^^^^^^^^^^^^^^^^^^^^^^^^^^^^^^^^^^^^^^^^
